<?xml version="1.0" encoding="UTF-8"?>
<testsuite xmlns:xsi="http://www.w3.org/2001/XMLSchema-instance" xsi:noNamespaceSchemaLocation="https://maven.apache.org/surefire/maven-surefire-plugin/xsd/surefire-test-report.xsd" name="org.AppTest" time="0.064" tests="1" errors="0" skipped="0" failures="0">
  <properties>
    <property name="awt.toolkit" value="sun.awt.X11.XToolkit"/>
    <property name="file.encoding.pkg" value="sun.io"/>
    <property name="java.specification.version" value="1.8"/>
    <property name="sun.cpu.isalist" value=""/>
    <property name="sun.jnu.encoding" value="UTF-8"/>
    <property name="java.class.path" value="/home/ubuntu/environment/firebase-examples/target/test-classes:/home/ubuntu/environment/firebase-examples/target/classes:/home/ubuntu/.m2/repository/com/google/cloud/google-cloud-firestore/1.30.0/google-cloud-firestore-1.30.0.jar:/home/ubuntu/.m2/repository/com/google/cloud/google-cloud-core-grpc/1.91.3/google-cloud-core-grpc-1.91.3.jar:/home/ubuntu/.m2/repository/com/google/auth/google-auth-library-credentials/0.18.0/google-auth-library-credentials-0.18.0.jar:/home/ubuntu/.m2/repository/com/google/cloud/google-cloud-core/1.91.3/google-cloud-core-1.91.3.jar:/home/ubuntu/.m2/repository/com/google/protobuf/protobuf-java-util/3.10.0/protobuf-java-util-3.10.0.jar:/home/ubuntu/.m2/repository/com/google/code/gson/gson/2.8.5/gson-2.8.5.jar:/home/ubuntu/.m2/repository/com/google/api/grpc/proto-google-iam-v1/0.13.0/proto-google-iam-v1-0.13.0.jar:/home/ubuntu/.m2/repository/org/threeten/threetenbp/1.3.3/threetenbp-1.3.3.jar:/home/ubuntu/.m2/repository/com/google/auth/google-auth-library-oauth2-http/0.18.0/google-auth-library-oauth2-http-0.18.0.jar:/home/ubuntu/.m2/repository/com/google/auto/value/auto-value-annotations/1.6.6/auto-value-annotations-1.6.6.jar:/home/ubuntu/.m2/repository/com/google/http-client/google-http-client-jackson2/1.32.1/google-http-client-jackson2-1.32.1.jar:/home/ubuntu/.m2/repository/com/fasterxml/jackson/core/jackson-core/2.9.9/jackson-core-2.9.9.jar:/home/ubuntu/.m2/repository/com/google/guava/guava/28.1-android/guava-28.1-android.jar:/home/ubuntu/.m2/repository/com/google/guava/failureaccess/1.0.1/failureaccess-1.0.1.jar:/home/ubuntu/.m2/repository/com/google/guava/listenablefuture/9999.0-empty-to-avoid-conflict-with-guava/listenablefuture-9999.0-empty-to-avoid-conflict-with-guava.jar:/home/ubuntu/.m2/repository/com/google/code/findbugs/jsr305/3.0.2/jsr305-3.0.2.jar:/home/ubuntu/.m2/repository/org/checkerframework/checker-compat-qual/2.5.5/checker-compat-qual-2.5.5.jar:/home/ubuntu/.m2/repository/com/google/errorprone/error_prone_annotations/2.3.2/error_prone_annotations-2.3.2.jar:/home/ubuntu/.m2/repository/com/google/j2objc/j2objc-annotations/1.3/j2objc-annotations-1.3.jar:/home/ubuntu/.m2/repository/org/codehaus/mojo/animal-sniffer-annotations/1.18/animal-sniffer-annotations-1.18.jar:/home/ubuntu/.m2/repository/com/google/api/gax/1.49.1/gax-1.49.1.jar:/home/ubuntu/.m2/repository/com/google/api/gax-grpc/1.49.1/gax-grpc-1.49.1.jar:/home/ubuntu/.m2/repository/io/grpc/grpc-stub/1.23.0/grpc-stub-1.23.0.jar:/home/ubuntu/.m2/repository/io/grpc/grpc-api/1.23.0/grpc-api-1.23.0.jar:/home/ubuntu/.m2/repository/io/grpc/grpc-auth/1.23.0/grpc-auth-1.23.0.jar:/home/ubuntu/.m2/repository/io/grpc/grpc-protobuf/1.23.0/grpc-protobuf-1.23.0.jar:/home/ubuntu/.m2/repository/io/grpc/grpc-protobuf-lite/1.23.0/grpc-protobuf-lite-1.23.0.jar:/home/ubuntu/.m2/repository/io/grpc/grpc-netty-shaded/1.23.0/grpc-netty-shaded-1.23.0.jar:/home/ubuntu/.m2/repository/io/grpc/grpc-core/1.23.0/grpc-core-1.23.0.jar:/home/ubuntu/.m2/repository/com/google/android/annotations/4.1.1.4/annotations-4.1.1.4.jar:/home/ubuntu/.m2/repository/io/perfmark/perfmark-api/0.17.0/perfmark-api-0.17.0.jar:/home/ubuntu/.m2/repository/io/opencensus/opencensus-contrib-grpc-metrics/0.21.0/opencensus-contrib-grpc-metrics-0.21.0.jar:/home/ubuntu/.m2/repository/io/grpc/grpc-alts/1.23.0/grpc-alts-1.23.0.jar:/home/ubuntu/.m2/repository/io/grpc/grpc-grpclb/1.23.0/grpc-grpclb-1.23.0.jar:/home/ubuntu/.m2/repository/org/apache/commons/commons-lang3/3.5/commons-lang3-3.5.jar:/home/ubuntu/.m2/repository/com/google/api/api-common/1.8.1/api-common-1.8.1.jar:/home/ubuntu/.m2/repository/com/google/http-client/google-http-client/1.32.1/google-http-client-1.32.1.jar:/home/ubuntu/.m2/repository/org/apache/httpcomponents/httpclient/4.5.10/httpclient-4.5.10.jar:/home/ubuntu/.m2/repository/commons-logging/commons-logging/1.2/commons-logging-1.2.jar:/home/ubuntu/.m2/repository/commons-codec/commons-codec/1.11/commons-codec-1.11.jar:/home/ubuntu/.m2/repository/org/apache/httpcomponents/httpcore/4.4.12/httpcore-4.4.12.jar:/home/ubuntu/.m2/repository/io/opencensus/opencensus-contrib-http-util/0.24.0/opencensus-contrib-http-util-0.24.0.jar:/home/ubuntu/.m2/repository/com/google/api/grpc/proto-google-cloud-firestore-admin-v1/1.30.0/proto-google-cloud-firestore-admin-v1-1.30.0.jar:/home/ubuntu/.m2/repository/com/google/protobuf/protobuf-java/3.10.0/protobuf-java-3.10.0.jar:/home/ubuntu/.m2/repository/com/google/api/grpc/proto-google-common-protos/1.17.0/proto-google-common-protos-1.17.0.jar:/home/ubuntu/.m2/repository/javax/annotation/javax.annotation-api/1.3.2/javax.annotation-api-1.3.2.jar:/home/ubuntu/.m2/repository/com/google/api/grpc/proto-google-cloud-firestore-v1/1.30.0/proto-google-cloud-firestore-v1-1.30.0.jar:/home/ubuntu/.m2/repository/com/google/api/grpc/proto-google-cloud-firestore-v1beta1/0.83.0/proto-google-cloud-firestore-v1beta1-0.83.0.jar:/home/ubuntu/.m2/repository/io/opencensus/opencensus-contrib-grpc-util/0.24.0/opencensus-contrib-grpc-util-0.24.0.jar:/home/ubuntu/.m2/repository/io/opencensus/opencensus-api/0.24.0/opencensus-api-0.24.0.jar:/home/ubuntu/.m2/repository/io/grpc/grpc-context/1.22.1/grpc-context-1.22.1.jar:/home/ubuntu/.m2/repository/junit/junit/4.11/junit-4.11.jar:/home/ubuntu/.m2/repository/org/hamcrest/hamcrest-core/1.3/hamcrest-core-1.3.jar:"/>
    <property name="java.vm.vendor" value="Private Build"/>
    <property name="sun.arch.data.model" value="64"/>
    <property name="java.vendor.url" value="http://java.oracle.com/"/>
    <property name="user.timezone" value=""/>
    <property name="java.vm.specification.version" value="1.8"/>
    <property name="os.name" value="Linux"/>
    <property name="sun.java.launcher" value="SUN_STANDARD"/>
    <property name="sun.boot.library.path" value="/usr/lib/jvm/java-8-openjdk-amd64/jre/lib/amd64"/>
    <property name="sun.java.command" value="/home/ubuntu/environment/firebase-examples/target/surefire/surefirebooter6515532532077613667.jar /home/ubuntu/environment/firebase-examples/target/surefire 2019-12-03T09-06-52_036-jvmRun1 surefire3705944971788771018tmp surefire_05162487873006375852tmp"/>
    <property name="surefire.test.class.path" value="/home/ubuntu/environment/firebase-examples/target/test-classes:/home/ubuntu/environment/firebase-examples/target/classes:/home/ubuntu/.m2/repository/com/google/cloud/google-cloud-firestore/1.30.0/google-cloud-firestore-1.30.0.jar:/home/ubuntu/.m2/repository/com/google/cloud/google-cloud-core-grpc/1.91.3/google-cloud-core-grpc-1.91.3.jar:/home/ubuntu/.m2/repository/com/google/auth/google-auth-library-credentials/0.18.0/google-auth-library-credentials-0.18.0.jar:/home/ubuntu/.m2/repository/com/google/cloud/google-cloud-core/1.91.3/google-cloud-core-1.91.3.jar:/home/ubuntu/.m2/repository/com/google/protobuf/protobuf-java-util/3.10.0/protobuf-java-util-3.10.0.jar:/home/ubuntu/.m2/repository/com/google/code/gson/gson/2.8.5/gson-2.8.5.jar:/home/ubuntu/.m2/repository/com/google/api/grpc/proto-google-iam-v1/0.13.0/proto-google-iam-v1-0.13.0.jar:/home/ubuntu/.m2/repository/org/threeten/threetenbp/1.3.3/threetenbp-1.3.3.jar:/home/ubuntu/.m2/repository/com/google/auth/google-auth-library-oauth2-http/0.18.0/google-auth-library-oauth2-http-0.18.0.jar:/home/ubuntu/.m2/repository/com/google/auto/value/auto-value-annotations/1.6.6/auto-value-annotations-1.6.6.jar:/home/ubuntu/.m2/repository/com/google/http-client/google-http-client-jackson2/1.32.1/google-http-client-jackson2-1.32.1.jar:/home/ubuntu/.m2/repository/com/fasterxml/jackson/core/jackson-core/2.9.9/jackson-core-2.9.9.jar:/home/ubuntu/.m2/repository/com/google/guava/guava/28.1-android/guava-28.1-android.jar:/home/ubuntu/.m2/repository/com/google/guava/failureaccess/1.0.1/failureaccess-1.0.1.jar:/home/ubuntu/.m2/repository/com/google/guava/listenablefuture/9999.0-empty-to-avoid-conflict-with-guava/listenablefuture-9999.0-empty-to-avoid-conflict-with-guava.jar:/home/ubuntu/.m2/repository/com/google/code/findbugs/jsr305/3.0.2/jsr305-3.0.2.jar:/home/ubuntu/.m2/repository/org/checkerframework/checker-compat-qual/2.5.5/checker-compat-qual-2.5.5.jar:/home/ubuntu/.m2/repository/com/google/errorprone/error_prone_annotations/2.3.2/error_prone_annotations-2.3.2.jar:/home/ubuntu/.m2/repository/com/google/j2objc/j2objc-annotations/1.3/j2objc-annotations-1.3.jar:/home/ubuntu/.m2/repository/org/codehaus/mojo/animal-sniffer-annotations/1.18/animal-sniffer-annotations-1.18.jar:/home/ubuntu/.m2/repository/com/google/api/gax/1.49.1/gax-1.49.1.jar:/home/ubuntu/.m2/repository/com/google/api/gax-grpc/1.49.1/gax-grpc-1.49.1.jar:/home/ubuntu/.m2/repository/io/grpc/grpc-stub/1.23.0/grpc-stub-1.23.0.jar:/home/ubuntu/.m2/repository/io/grpc/grpc-api/1.23.0/grpc-api-1.23.0.jar:/home/ubuntu/.m2/repository/io/grpc/grpc-auth/1.23.0/grpc-auth-1.23.0.jar:/home/ubuntu/.m2/repository/io/grpc/grpc-protobuf/1.23.0/grpc-protobuf-1.23.0.jar:/home/ubuntu/.m2/repository/io/grpc/grpc-protobuf-lite/1.23.0/grpc-protobuf-lite-1.23.0.jar:/home/ubuntu/.m2/repository/io/grpc/grpc-netty-shaded/1.23.0/grpc-netty-shaded-1.23.0.jar:/home/ubuntu/.m2/repository/io/grpc/grpc-core/1.23.0/grpc-core-1.23.0.jar:/home/ubuntu/.m2/repository/com/google/android/annotations/4.1.1.4/annotations-4.1.1.4.jar:/home/ubuntu/.m2/repository/io/perfmark/perfmark-api/0.17.0/perfmark-api-0.17.0.jar:/home/ubuntu/.m2/repository/io/opencensus/opencensus-contrib-grpc-metrics/0.21.0/opencensus-contrib-grpc-metrics-0.21.0.jar:/home/ubuntu/.m2/repository/io/grpc/grpc-alts/1.23.0/grpc-alts-1.23.0.jar:/home/ubuntu/.m2/repository/io/grpc/grpc-grpclb/1.23.0/grpc-grpclb-1.23.0.jar:/home/ubuntu/.m2/repository/org/apache/commons/commons-lang3/3.5/commons-lang3-3.5.jar:/home/ubuntu/.m2/repository/com/google/api/api-common/1.8.1/api-common-1.8.1.jar:/home/ubuntu/.m2/repository/com/google/http-client/google-http-client/1.32.1/google-http-client-1.32.1.jar:/home/ubuntu/.m2/repository/org/apache/httpcomponents/httpclient/4.5.10/httpclient-4.5.10.jar:/home/ubuntu/.m2/repository/commons-logging/commons-logging/1.2/commons-logging-1.2.jar:/home/ubuntu/.m2/repository/commons-codec/commons-codec/1.11/commons-codec-1.11.jar:/home/ubuntu/.m2/repository/org/apache/httpcomponents/httpcore/4.4.12/httpcore-4.4.12.jar:/home/ubuntu/.m2/repository/io/opencensus/opencensus-contrib-http-util/0.24.0/opencensus-contrib-http-util-0.24.0.jar:/home/ubuntu/.m2/repository/com/google/api/grpc/proto-google-cloud-firestore-admin-v1/1.30.0/proto-google-cloud-firestore-admin-v1-1.30.0.jar:/home/ubuntu/.m2/repository/com/google/protobuf/protobuf-java/3.10.0/protobuf-java-3.10.0.jar:/home/ubuntu/.m2/repository/com/google/api/grpc/proto-google-common-protos/1.17.0/proto-google-common-protos-1.17.0.jar:/home/ubuntu/.m2/repository/javax/annotation/javax.annotation-api/1.3.2/javax.annotation-api-1.3.2.jar:/home/ubuntu/.m2/repository/com/google/api/grpc/proto-google-cloud-firestore-v1/1.30.0/proto-google-cloud-firestore-v1-1.30.0.jar:/home/ubuntu/.m2/repository/com/google/api/grpc/proto-google-cloud-firestore-v1beta1/0.83.0/proto-google-cloud-firestore-v1beta1-0.83.0.jar:/home/ubuntu/.m2/repository/io/opencensus/opencensus-contrib-grpc-util/0.24.0/opencensus-contrib-grpc-util-0.24.0.jar:/home/ubuntu/.m2/repository/io/opencensus/opencensus-api/0.24.0/opencensus-api-0.24.0.jar:/home/ubuntu/.m2/repository/io/grpc/grpc-context/1.22.1/grpc-context-1.22.1.jar:/home/ubuntu/.m2/repository/junit/junit/4.11/junit-4.11.jar:/home/ubuntu/.m2/repository/org/hamcrest/hamcrest-core/1.3/hamcrest-core-1.3.jar:"/>
    <property name="sun.cpu.endian" value="little"/>
    <property name="user.home" value="/home/ubuntu"/>
    <property name="user.language" value="en"/>
    <property name="java.specification.vendor" value="Oracle Corporation"/>
    <property name="java.home" value="/usr/lib/jvm/java-8-openjdk-amd64/jre"/>
    <property name="basedir" value="/home/ubuntu/environment/firebase-examples"/>
    <property name="file.separator" value="/"/>
    <property name="line.separator" value="&#10;"/>
    <property name="java.vm.specification.vendor" value="Oracle Corporation"/>
    <property name="java.specification.name" value="Java Platform API Specification"/>
    <property name="java.awt.graphicsenv" value="sun.awt.X11GraphicsEnvironment"/>
    <property name="surefire.real.class.path" value="/home/ubuntu/environment/firebase-examples/target/surefire/surefirebooter6515532532077613667.jar"/>
    <property name="sun.boot.class.path" value="/usr/lib/jvm/java-8-openjdk-amd64/jre/lib/resources.jar:/usr/lib/jvm/java-8-openjdk-amd64/jre/lib/rt.jar:/usr/lib/jvm/java-8-openjdk-amd64/jre/lib/sunrsasign.jar:/usr/lib/jvm/java-8-openjdk-amd64/jre/lib/jsse.jar:/usr/lib/jvm/java-8-openjdk-amd64/jre/lib/jce.jar:/usr/lib/jvm/java-8-openjdk-amd64/jre/lib/charsets.jar:/usr/lib/jvm/java-8-openjdk-amd64/jre/lib/jfr.jar:/usr/lib/jvm/java-8-openjdk-amd64/jre/classes"/>
    <property name="sun.management.compiler" value="HotSpot 64-Bit Tiered Compilers"/>
    <property name="java.runtime.version" value="1.8.0_222-8u222-b10-1ubuntu1~18.04.1-b10"/>
    <property name="user.name" value="ubuntu"/>
    <property name="path.separator" value=":"/>
    <property name="os.version" value="4.15.0-1054-aws"/>
    <property name="java.endorsed.dirs" value="/usr/lib/jvm/java-8-openjdk-amd64/jre/lib/endorsed"/>
    <property name="java.runtime.name" value="OpenJDK Runtime Environment"/>
    <property name="file.encoding" value="UTF-8"/>
    <property name="java.vm.name" value="OpenJDK 64-Bit Server VM"/>
    <property name="localRepository" value="/home/ubuntu/.m2/repository"/>
    <property name="java.vendor.url.bug" value="http://bugreport.sun.com/bugreport/"/>
    <property name="java.io.tmpdir" value="/tmp"/>
    <property name="java.version" value="1.8.0_222"/>
    <property name="user.dir" value="/home/ubuntu/environment/firebase-examples"/>
    <property name="os.arch" value="amd64"/>
    <property name="java.vm.specification.name" value="Java Virtual Machine Specification"/>
    <property name="java.awt.printerjob" value="sun.print.PSPrinterJob"/>
    <property name="sun.os.patch.level" value="unknown"/>
    <property name="java.library.path" value="/usr/java/packages/lib/amd64:/usr/lib/x86_64-linux-gnu/jni:/lib/x86_64-linux-gnu:/usr/lib/x86_64-linux-gnu:/usr/lib/jni:/lib:/usr/lib"/>
    <property name="java.vm.info" value="mixed mode"/>
    <property name="java.vendor" value="Private Build"/>
    <property name="java.vm.version" value="25.222-b10"/>
    <property name="java.ext.dirs" value="/usr/lib/jvm/java-8-openjdk-amd64/jre/lib/ext:/usr/java/packages/lib/ext"/>
    <property name="sun.io.unicode.encoding" value="UnicodeLittle"/>
    <property name="java.class.version" value="52.0"/>
  </properties>
  <testcase name="shouldAnswerWithTrue" classname="org.AppTest" time="0.002"/>
</testsuite>